--------------------------------------------------------------------------------
start:2021-11-30 17:42:27.353742
--------------------------------------------------------------------------------
start:2021-11-30 17:43:00.681600
--------------------------------------------------------------------------------
start:2021-11-30 17:43:48.904216
--------------------------------------------------------------------------------
start:2021-11-30 17:44:07.417279
--------------------------------------------------------------------------------
start:2021-11-30 17:50:41.486099
--------------------------------------------------------------------------------
start:2021-11-30 17:57:22.454513
done:2021-11-30 17:57:26.746649
--------------------------------------------------------------------------------
files saved to:../double_u_gate_15degrees_step_qft_3.p.gz--------------------------------------------------------------------------------
start:2021-11-30 17:59:20.933420
done:2021-11-30 17:59:25.560261
--------------------------------------------------------------------------------
files saved to:../double_u_gate_15degrees_step_qft_3.p.gz--------------------------------------------------------------------------------
start:2021-11-30 18:05:39.774715
done:2021-11-30 18:05:44.042623
--------------------------------------------------------------------------------
files saved to:../double_u_gate_15degrees_step_qft_3.p.gz--------------------------------------------------------------------------------
start:2021-11-30 18:10:51.372515
done:2021-11-30 18:51:43.650786
--------------------------------------------------------------------------------
files saved to:../double_u_gate_15degrees_step_qft_3.p.gz--------------------------------------------------------------------------------
start:2021-12-01 14:49:53.752904
done:2021-12-01 14:49:59.588962
--------------------------------------------------------------------------------
files saved to:../double_u_gate_15degrees_step_qft_3.p.gz